nohup: ignoring input
ðŸ¦¥ Unsloth: Will patch your computer to enable 2x faster free finetuning.
ðŸ¦¥ Unsloth Zoo will now patch everything to make training faster!
Loading model...
==((====))==  Unsloth 2026.1.2: Fast Mistral patching. Transformers: 4.57.3.
   \\   /|    NVIDIA H100 NVL. Num GPUs = 1. Max memory: 93.087 GB. Platform: Linux.
O^O/ \_/ \    Torch: 2.9.1+cu128. CUDA: 9.0. CUDA Toolkit: 12.8. Triton: 3.5.1
\        /    Bfloat16 = TRUE. FA [Xformers = 0.0.33.post2. FA2 = False]
 "-____-"     Free license: http://github.com/unslothai/unsloth
Unsloth: Fast downloading is enabled - ignore downloading bars which are red colored!
Unsloth 2026.1.2 patched 32 layers with 32 QKV layers, 32 O layers and 32 MLP layers.
Setting up LoRA...
Loading training data...
Loaded 1980 examples
Starting training...

Unsloth: Tokenizing ["text"] (num_proc=44):   0%|          | 0/1782 [00:00<?, ? examples/s]
Unsloth: Tokenizing ["text"] (num_proc=44):   2%|â–         | 41/1782 [00:00<00:24, 70.37 examples/s]
Unsloth: Tokenizing ["text"] (num_proc=44):  14%|â–ˆâ–        | 246/1782 [00:00<00:03, 449.86 examples/s]
Unsloth: Tokenizing ["text"] (num_proc=44):  25%|â–ˆâ–ˆâ–Œ       | 451/1782 [00:00<00:01, 771.98 examples/s]
Unsloth: Tokenizing ["text"] (num_proc=44):  37%|â–ˆâ–ˆâ–ˆâ–‹      | 656/1782 [00:00<00:01, 1036.70 examples/s]
Unsloth: Tokenizing ["text"] (num_proc=44):  48%|â–ˆâ–ˆâ–ˆâ–ˆâ–Š     | 861/1782 [00:01<00:00, 1238.15 examples/s]
Unsloth: Tokenizing ["text"] (num_proc=44):  60%|â–ˆâ–ˆâ–ˆâ–ˆâ–ˆâ–‰    | 1062/1782 [00:01<00:00, 1394.33 examples/s]
Unsloth: Tokenizing ["text"] (num_proc=44):  71%|â–ˆâ–ˆâ–ˆâ–ˆâ–ˆâ–ˆâ–ˆ   | 1262/1782 [00:01<00:00, 1512.32 examples/s]
Unsloth: Tokenizing ["text"] (num_proc=44):  82%|â–ˆâ–ˆâ–ˆâ–ˆâ–ˆâ–ˆâ–ˆâ–ˆâ– | 1462/1782 [00:01<00:00, 1582.78 examples/s]
Unsloth: Tokenizing ["text"] (num_proc=44):  93%|â–ˆâ–ˆâ–ˆâ–ˆâ–ˆâ–ˆâ–ˆâ–ˆâ–ˆâ–Ž| 1662/1782 [00:01<00:00, 1666.23 examples/s]
Unsloth: Tokenizing ["text"] (num_proc=44): 100%|â–ˆâ–ˆâ–ˆâ–ˆâ–ˆâ–ˆâ–ˆâ–ˆâ–ˆâ–ˆ| 1782/1782 [00:01<00:00, 1042.35 examples/s]

Unsloth: Tokenizing ["text"] (num_proc=44):   0%|          | 0/198 [00:00<?, ? examples/s]
Unsloth: Tokenizing ["text"] (num_proc=44):   3%|â–Ž         | 5/198 [00:00<00:22,  8.46 examples/s]
Unsloth: Tokenizing ["text"] (num_proc=44):  18%|â–ˆâ–Š        | 35/198 [00:00<00:02, 62.93 examples/s]
Unsloth: Tokenizing ["text"] (num_proc=44):  33%|â–ˆâ–ˆâ–ˆâ–Ž      | 65/198 [00:00<00:01, 108.76 examples/s]
Unsloth: Tokenizing ["text"] (num_proc=44):  45%|â–ˆâ–ˆâ–ˆâ–ˆâ–Œ     | 90/198 [00:00<00:00, 140.39 examples/s]
Unsloth: Tokenizing ["text"] (num_proc=44):  58%|â–ˆâ–ˆâ–ˆâ–ˆâ–ˆâ–Š    | 114/198 [00:01<00:00, 163.84 examples/s]
Unsloth: Tokenizing ["text"] (num_proc=44):  70%|â–ˆâ–ˆâ–ˆâ–ˆâ–ˆâ–ˆâ–‰   | 138/198 [00:01<00:00, 175.53 examples/s]
Unsloth: Tokenizing ["text"] (num_proc=44):  82%|â–ˆâ–ˆâ–ˆâ–ˆâ–ˆâ–ˆâ–ˆâ–ˆâ– | 162/198 [00:01<00:00, 183.32 examples/s]
Unsloth: Tokenizing ["text"] (num_proc=44):  94%|â–ˆâ–ˆâ–ˆâ–ˆâ–ˆâ–ˆâ–ˆâ–ˆâ–ˆâ–| 186/198 [00:01<00:00, 192.98 examples/s]
Unsloth: Tokenizing ["text"] (num_proc=44): 100%|â–ˆâ–ˆâ–ˆâ–ˆâ–ˆâ–ˆâ–ˆâ–ˆâ–ˆâ–ˆ| 198/198 [00:01<00:00, 123.30 examples/s]
The model is already on multiple devices. Skipping the move to device specified in `args`.
==((====))==  Unsloth - 2x faster free finetuning | Num GPUs used = 1
   \\   /|    Num examples = 1,782 | Num Epochs = 1 | Total steps = 200
O^O/ \_/ \    Batch size per device = 2 | Gradient accumulation steps = 4
\        /    Data Parallel GPUs = 1 | Total batch size (2 x 4 x 1) = 8
 "-____-"     Trainable parameters = 41,943,040 of 7,289,966,592 (0.58% trained)

  0%|          | 0/200 [00:00<?, ?it/s]
  0%|          | 1/200 [00:02<08:53,  2.68s/it]
  1%|          | 2/200 [00:03<05:32,  1.68s/it]
  2%|â–         | 3/200 [00:04<04:29,  1.37s/it]
  2%|â–         | 4/200 [00:05<03:54,  1.19s/it]
  2%|â–Ž         | 5/200 [00:06<03:37,  1.12s/it]
  3%|â–Ž         | 6/200 [00:07<03:43,  1.15s/it]
  4%|â–Ž         | 7/200 [00:08<03:29,  1.08s/it]
  4%|â–         | 8/200 [00:09<03:19,  1.04s/it]
  4%|â–         | 9/200 [00:10<03:12,  1.01s/it]
  5%|â–Œ         | 10/200 [00:11<03:07,  1.01it/s]
                                                

  5%|â–Œ         | 10/200 [00:11<03:07,  1.01it/s]
  6%|â–Œ         | 11/200 [00:12<03:01,  1.04it/s]
  6%|â–Œ         | 12/200 [00:13<02:59,  1.04it/s]
  6%|â–‹         | 13/200 [00:14<02:56,  1.06it/s]
  7%|â–‹         | 14/200 [00:15<02:53,  1.07it/s]
  8%|â–Š         | 15/200 [00:16<02:50,  1.08it/s]
  8%|â–Š         | 16/200 [00:17<02:48,  1.09it/s]
  8%|â–Š         | 17/200 [00:17<02:47,  1.09it/s]
  9%|â–‰         | 18/200 [00:18<02:47,  1.09it/s]
 10%|â–‰         | 19/200 [00:19<02:45,  1.09it/s]
 10%|â–ˆ         | 20/200 [00:20<02:46,  1.08it/s]
                                                

 10%|â–ˆ         | 20/200 [00:20<02:46,  1.08it/s]
 10%|â–ˆ         | 21/200 [00:21<02:45,  1.08it/s]
 11%|â–ˆ         | 22/200 [00:22<02:43,  1.09it/s]
 12%|â–ˆâ–        | 23/200 [00:23<02:43,  1.08it/s]
 12%|â–ˆâ–        | 24/200 [00:24<02:40,  1.09it/s]
 12%|â–ˆâ–Ž        | 25/200 [00:25<02:38,  1.10it/s]
 13%|â–ˆâ–Ž        | 26/200 [00:26<02:39,  1.09it/s]
 14%|â–ˆâ–Ž        | 27/200 [00:27<02:37,  1.10it/s]
 14%|â–ˆâ–        | 28/200 [00:27<02:36,  1.10it/s]
 14%|â–ˆâ–        | 29/200 [00:28<02:35,  1.10it/s]
 15%|â–ˆâ–Œ        | 30/200 [00:29<02:34,  1.10it/s]
                                                

 15%|â–ˆâ–Œ        | 30/200 [00:29<02:34,  1.10it/s]
 16%|â–ˆâ–Œ        | 31/200 [00:30<02:32,  1.11it/s]
 16%|â–ˆâ–Œ        | 32/200 [00:31<02:34,  1.09it/s]
 16%|â–ˆâ–‹        | 33/200 [00:32<02:32,  1.10it/s]
 17%|â–ˆâ–‹        | 34/200 [00:33<02:31,  1.10it/s]
 18%|â–ˆâ–Š        | 35/200 [00:34<02:30,  1.10it/s]
 18%|â–ˆâ–Š        | 36/200 [00:36<03:51,  1.41s/it]
 18%|â–ˆâ–Š        | 37/200 [00:37<03:25,  1.26s/it]
 19%|â–ˆâ–‰        | 38/200 [00:38<03:06,  1.15s/it]
 20%|â–ˆâ–‰        | 39/200 [00:39<02:53,  1.07s/it]
 20%|â–ˆâ–ˆ        | 40/200 [00:40<02:43,  1.02s/it]
                                                

 20%|â–ˆâ–ˆ        | 40/200 [00:40<02:43,  1.02s/it]
 20%|â–ˆâ–ˆ        | 41/200 [00:41<02:36,  1.02it/s]
 21%|â–ˆâ–ˆ        | 42/200 [00:42<02:31,  1.04it/s]
 22%|â–ˆâ–ˆâ–       | 43/200 [00:43<02:30,  1.05it/s]
 22%|â–ˆâ–ˆâ–       | 44/200 [00:44<02:26,  1.06it/s]
 22%|â–ˆâ–ˆâ–Ž       | 45/200 [00:45<02:24,  1.08it/s]
 23%|â–ˆâ–ˆâ–Ž       | 46/200 [00:46<02:22,  1.08it/s]
 24%|â–ˆâ–ˆâ–Ž       | 47/200 [00:46<02:19,  1.09it/s]
 24%|â–ˆâ–ˆâ–       | 48/200 [00:47<02:18,  1.10it/s]
 24%|â–ˆâ–ˆâ–       | 49/200 [00:48<02:16,  1.11it/s]
 25%|â–ˆâ–ˆâ–Œ       | 50/200 [00:49<02:14,  1.11it/s]
                                                

 25%|â–ˆâ–ˆâ–Œ       | 50/200 [00:49<02:14,  1.11it/s]Unsloth: Not an error, but MistralForCausalLM does not accept `num_items_in_batch`.
Using gradient accumulation will be very slightly less accurate.
Read more on gradient accumulation issues here: https://unsloth.ai/blog/gradient
Unsloth: Will smartly offload gradients to save VRAM!
{'loss': 1.4782, 'grad_norm': 3.3821470737457275, 'learning_rate': 0.00018, 'epoch': 0.04}
{'loss': 0.7905, 'grad_norm': 1.3835347890853882, 'learning_rate': 0.0001905263157894737, 'epoch': 0.09}
{'loss': 0.584, 'grad_norm': 1.4742127656936646, 'learning_rate': 0.00018, 'epoch': 0.13}
{'loss': 0.549, 'grad_norm': 1.0728955268859863, 'learning_rate': 0.00016947368421052633, 'epoch': 0.18}
{'loss': 0.5494, 'grad_norm': 1.4581290483474731, 'learning_rate': 0.00015894736842105264, 'epoch': 0.22}


  0%|          | 0/99 [00:00<?, ?it/s][A

  3%|â–Ž         | 3/99 [00:00<00:03, 25.41it/s][A

  6%|â–Œ         | 6/99 [00:00<00:04, 19.76it/s][A

  9%|â–‰         | 9/99 [00:00<00:04, 18.55it/s][A

 11%|â–ˆ         | 11/99 [00:00<00:04, 18.25it/s][A

 13%|â–ˆâ–Ž        | 13/99 [00:00<00:04, 18.00it/s][A

 15%|â–ˆâ–Œ        | 15/99 [00:00<00:04, 17.53it/s][A

 17%|â–ˆâ–‹        | 17/99 [00:00<00:04, 17.52it/s][A

 19%|â–ˆâ–‰        | 19/99 [00:01<00:04, 17.24it/s][A

 21%|â–ˆâ–ˆ        | 21/99 [00:01<00:04, 17.30it/s][A

 23%|â–ˆâ–ˆâ–Ž       | 23/99 [00:01<00:04, 17.38it/s][A

 25%|â–ˆâ–ˆâ–Œ       | 25/99 [00:01<00:04, 17.43it/s][A

 27%|â–ˆâ–ˆâ–‹       | 27/99 [00:01<00:04, 17.39it/s][A

 29%|â–ˆâ–ˆâ–‰       | 29/99 [00:01<00:04, 17.39it/s][A

 31%|â–ˆâ–ˆâ–ˆâ–      | 31/99 [00:01<00:03, 17.21it/s][A

 33%|â–ˆâ–ˆâ–ˆâ–Ž      | 33/99 [00:01<00:03, 17.05it/s][A

 35%|â–ˆâ–ˆâ–ˆâ–Œ      | 35/99 [00:01<00:03, 17.22it/s][A

 37%|â–ˆâ–ˆâ–ˆâ–‹      | 37/99 [00:02<00:03, 17.30it/s][A

 39%|â–ˆâ–ˆâ–ˆâ–‰      | 39/99 [00:02<00:03, 17.40it/s][A

 41%|â–ˆâ–ˆâ–ˆâ–ˆâ–     | 41/99 [00:02<00:03, 17.43it/s][A

 43%|â–ˆâ–ˆâ–ˆâ–ˆâ–Ž     | 43/99 [00:02<00:03, 17.10it/s][A

 45%|â–ˆâ–ˆâ–ˆâ–ˆâ–Œ     | 45/99 [00:02<00:03, 17.18it/s][A

 47%|â–ˆâ–ˆâ–ˆâ–ˆâ–‹     | 47/99 [00:02<00:03, 17.29it/s][A

 49%|â–ˆâ–ˆâ–ˆâ–ˆâ–‰     | 49/99 [00:02<00:02, 17.37it/s][A

 52%|â–ˆâ–ˆâ–ˆâ–ˆâ–ˆâ–    | 51/99 [00:02<00:02, 17.16it/s][A

 54%|â–ˆâ–ˆâ–ˆâ–ˆâ–ˆâ–Ž    | 53/99 [00:03<00:02, 16.82it/s][A

 56%|â–ˆâ–ˆâ–ˆâ–ˆâ–ˆâ–Œ    | 55/99 [00:03<00:02, 17.02it/s][A

 58%|â–ˆâ–ˆâ–ˆâ–ˆâ–ˆâ–Š    | 57/99 [00:03<00:02, 16.84it/s][A

 60%|â–ˆâ–ˆâ–ˆâ–ˆâ–ˆâ–‰    | 59/99 [00:03<00:02, 17.07it/s][A

 62%|â–ˆâ–ˆâ–ˆâ–ˆâ–ˆâ–ˆâ–   | 61/99 [00:03<00:02, 17.17it/s][A

 64%|â–ˆâ–ˆâ–ˆâ–ˆâ–ˆâ–ˆâ–Ž   | 63/99 [00:03<00:02, 17.32it/s][A

 66%|â–ˆâ–ˆâ–ˆâ–ˆâ–ˆâ–ˆâ–Œ   | 65/99 [00:03<00:01, 17.41it/s][A

 68%|â–ˆâ–ˆâ–ˆâ–ˆâ–ˆâ–ˆâ–Š   | 67/99 [00:03<00:01, 17.46it/s][A

 70%|â–ˆâ–ˆâ–ˆâ–ˆâ–ˆâ–ˆâ–‰   | 69/99 [00:03<00:01, 17.49it/s][A

 72%|â–ˆâ–ˆâ–ˆâ–ˆâ–ˆâ–ˆâ–ˆâ–  | 71/99 [00:04<00:01, 16.99it/s][A

 74%|â–ˆâ–ˆâ–ˆâ–ˆâ–ˆâ–ˆâ–ˆâ–Ž  | 73/99 [00:04<00:01, 16.92it/s][A

 76%|â–ˆâ–ˆâ–ˆâ–ˆâ–ˆâ–ˆâ–ˆâ–Œ  | 75/99 [00:04<00:01, 16.86it/s][A

 78%|â–ˆâ–ˆâ–ˆâ–ˆâ–ˆâ–ˆâ–ˆâ–Š  | 77/99 [00:04<00:01, 16.53it/s][A

 80%|â–ˆâ–ˆâ–ˆâ–ˆâ–ˆâ–ˆâ–ˆâ–‰  | 79/99 [00:04<00:01, 16.30it/s][A

 82%|â–ˆâ–ˆâ–ˆâ–ˆâ–ˆâ–ˆâ–ˆâ–ˆâ– | 81/99 [00:04<00:01, 16.62it/s][A

 84%|â–ˆâ–ˆâ–ˆâ–ˆâ–ˆâ–ˆâ–ˆâ–ˆâ– | 83/99 [00:04<00:00, 16.91it/s][A

 86%|â–ˆâ–ˆâ–ˆâ–ˆâ–ˆâ–ˆâ–ˆâ–ˆâ–Œ | 85/99 [00:04<00:00, 17.06it/s][A

 88%|â–ˆâ–ˆâ–ˆâ–ˆâ–ˆâ–ˆâ–ˆâ–ˆâ–Š | 87/99 [00:05<00:00, 16.97it/s][A

 90%|â–ˆâ–ˆâ–ˆâ–ˆâ–ˆâ–ˆâ–ˆâ–ˆâ–‰ | 89/99 [00:05<00:00, 17.13it/s][A

 92%|â–ˆâ–ˆâ–ˆâ–ˆâ–ˆâ–ˆâ–ˆâ–ˆâ–ˆâ–| 91/99 [00:05<00:00, 17.26it/s][A

 94%|â–ˆâ–ˆâ–ˆâ–ˆâ–ˆâ–ˆâ–ˆâ–ˆâ–ˆâ–| 93/99 [00:05<00:00, 17.26it/s][A

 96%|â–ˆâ–ˆâ–ˆâ–ˆâ–ˆâ–ˆâ–ˆâ–ˆâ–ˆâ–Œ| 95/99 [00:05<00:00, 17.37it/s][A

 98%|â–ˆâ–ˆâ–ˆâ–ˆâ–ˆâ–ˆâ–ˆâ–ˆâ–ˆâ–Š| 97/99 [00:05<00:00, 17.40it/s][A

100%|â–ˆâ–ˆâ–ˆâ–ˆâ–ˆâ–ˆâ–ˆâ–ˆâ–ˆâ–ˆ| 99/99 [00:05<00:00, 17.19it/s][A
                                                

                                               
[A
 25%|â–ˆâ–ˆâ–Œ       | 50/200 [00:55<02:14,  1.11it/s]

100%|â–ˆâ–ˆâ–ˆâ–ˆâ–ˆâ–ˆâ–ˆâ–ˆâ–ˆâ–ˆ| 99/99 [00:05<00:00, 17.19it/s][A

                                               [A
 26%|â–ˆâ–ˆâ–Œ       | 51/200 [00:56<06:45,  2.72s/it]
 26%|â–ˆâ–ˆâ–Œ       | 52/200 [00:57<05:22,  2.18s/it]
 26%|â–ˆâ–ˆâ–‹       | 53/200 [00:58<04:23,  1.79s/it]
 27%|â–ˆâ–ˆâ–‹       | 54/200 [00:59<03:41,  1.52s/it]
 28%|â–ˆâ–ˆâ–Š       | 55/200 [01:00<03:13,  1.33s/it]
 28%|â–ˆâ–ˆâ–Š       | 56/200 [01:01<02:53,  1.20s/it]
 28%|â–ˆâ–ˆâ–Š       | 57/200 [01:01<02:38,  1.11s/it]
 29%|â–ˆâ–ˆâ–‰       | 58/200 [01:02<02:28,  1.04s/it]
 30%|â–ˆâ–ˆâ–‰       | 59/200 [01:03<02:20,  1.01it/s]
 30%|â–ˆâ–ˆâ–ˆ       | 60/200 [01:04<02:14,  1.04it/s]
                                                

 30%|â–ˆâ–ˆâ–ˆ       | 60/200 [01:04<02:14,  1.04it/s]
 30%|â–ˆâ–ˆâ–ˆ       | 61/200 [01:05<02:11,  1.06it/s]
 31%|â–ˆâ–ˆâ–ˆ       | 62/200 [01:06<02:07,  1.08it/s]
 32%|â–ˆâ–ˆâ–ˆâ–      | 63/200 [01:07<02:06,  1.09it/s]
 32%|â–ˆâ–ˆâ–ˆâ–      | 64/200 [01:08<02:03,  1.10it/s]
 32%|â–ˆâ–ˆâ–ˆâ–Ž      | 65/200 [01:09<02:01,  1.11it/s]
 33%|â–ˆâ–ˆâ–ˆâ–Ž      | 66/200 [01:09<01:59,  1.12it/s]
 34%|â–ˆâ–ˆâ–ˆâ–Ž      | 67/200 [01:10<01:59,  1.11it/s]
 34%|â–ˆâ–ˆâ–ˆâ–      | 68/200 [01:11<01:58,  1.11it/s]
 34%|â–ˆâ–ˆâ–ˆâ–      | 69/200 [01:12<01:57,  1.11it/s]
 35%|â–ˆâ–ˆâ–ˆâ–Œ      | 70/200 [01:13<01:56,  1.12it/s]
                                                

 35%|â–ˆâ–ˆâ–ˆâ–Œ      | 70/200 [01:13<01:56,  1.12it/s]
 36%|â–ˆâ–ˆâ–ˆâ–Œ      | 71/200 [01:14<01:55,  1.12it/s]
 36%|â–ˆâ–ˆâ–ˆâ–Œ      | 72/200 [01:15<01:55,  1.11it/s]
 36%|â–ˆâ–ˆâ–ˆâ–‹      | 73/200 [01:16<01:53,  1.12it/s]
 37%|â–ˆâ–ˆâ–ˆâ–‹      | 74/200 [01:17<01:53,  1.11it/s]
 38%|â–ˆâ–ˆâ–ˆâ–Š      | 75/200 [01:17<01:51,  1.12it/s]
 38%|â–ˆâ–ˆâ–ˆâ–Š      | 76/200 [01:18<01:50,  1.12it/s]
 38%|â–ˆâ–ˆâ–ˆâ–Š      | 77/200 [01:19<01:49,  1.13it/s]
 39%|â–ˆâ–ˆâ–ˆâ–‰      | 78/200 [01:20<01:48,  1.12it/s]
 40%|â–ˆâ–ˆâ–ˆâ–‰      | 79/200 [01:21<01:47,  1.12it/s]
 40%|â–ˆâ–ˆâ–ˆâ–ˆ      | 80/200 [01:22<01:46,  1.13it/s]
                                                

 40%|â–ˆâ–ˆâ–ˆâ–ˆ      | 80/200 [01:22<01:46,  1.13it/s]
 40%|â–ˆâ–ˆâ–ˆâ–ˆ      | 81/200 [01:23<01:44,  1.14it/s]
 41%|â–ˆâ–ˆâ–ˆâ–ˆ      | 82/200 [01:24<01:43,  1.14it/s]
 42%|â–ˆâ–ˆâ–ˆâ–ˆâ–     | 83/200 [01:25<01:42,  1.14it/s]
 42%|â–ˆâ–ˆâ–ˆâ–ˆâ–     | 84/200 [01:25<01:42,  1.14it/s]
 42%|â–ˆâ–ˆâ–ˆâ–ˆâ–Ž     | 85/200 [01:26<01:41,  1.13it/s]
 43%|â–ˆâ–ˆâ–ˆâ–ˆâ–Ž     | 86/200 [01:27<01:40,  1.14it/s]
 44%|â–ˆâ–ˆâ–ˆâ–ˆâ–Ž     | 87/200 [01:28<01:39,  1.14it/s]
 44%|â–ˆâ–ˆâ–ˆâ–ˆâ–     | 88/200 [01:29<01:39,  1.13it/s]
 44%|â–ˆâ–ˆâ–ˆâ–ˆâ–     | 89/200 [01:30<01:38,  1.13it/s]
 45%|â–ˆâ–ˆâ–ˆâ–ˆâ–Œ     | 90/200 [01:31<01:37,  1.13it/s]
                                                

 45%|â–ˆâ–ˆâ–ˆâ–ˆâ–Œ     | 90/200 [01:31<01:37,  1.13it/s]
 46%|â–ˆâ–ˆâ–ˆâ–ˆâ–Œ     | 91/200 [01:32<01:36,  1.13it/s]
 46%|â–ˆâ–ˆâ–ˆâ–ˆâ–Œ     | 92/200 [01:32<01:35,  1.13it/s]
 46%|â–ˆâ–ˆâ–ˆâ–ˆâ–‹     | 93/200 [01:33<01:34,  1.14it/s]
 47%|â–ˆâ–ˆâ–ˆâ–ˆâ–‹     | 94/200 [01:34<01:33,  1.13it/s]
 48%|â–ˆâ–ˆâ–ˆâ–ˆâ–Š     | 95/200 [01:35<01:32,  1.13it/s]
 48%|â–ˆâ–ˆâ–ˆâ–ˆâ–Š     | 96/200 [01:36<01:31,  1.13it/s]
 48%|â–ˆâ–ˆâ–ˆâ–ˆâ–Š     | 97/200 [01:37<01:31,  1.13it/s]
 49%|â–ˆâ–ˆâ–ˆâ–ˆâ–‰     | 98/200 [01:38<01:30,  1.12it/s]
 50%|â–ˆâ–ˆâ–ˆâ–ˆâ–‰     | 99/200 [01:39<01:29,  1.12it/s]
 50%|â–ˆâ–ˆâ–ˆâ–ˆâ–ˆ     | 100/200 [01:40<01:28,  1.13it/s]
                                                 

 50%|â–ˆâ–ˆâ–ˆâ–ˆâ–ˆ     | 100/200 [01:40<01:28,  1.13it/s]{'eval_loss': 0.549340546131134, 'eval_runtime': 6.0764, 'eval_samples_per_second': 32.585, 'eval_steps_per_second': 16.292, 'epoch': 0.22}
{'loss': 0.5366, 'grad_norm': 1.267561912536621, 'learning_rate': 0.00014842105263157895, 'epoch': 0.27}
{'loss': 0.5018, 'grad_norm': 1.1588201522827148, 'learning_rate': 0.00013789473684210527, 'epoch': 0.31}
{'loss': 0.476, 'grad_norm': 1.004489779472351, 'learning_rate': 0.00012736842105263158, 'epoch': 0.36}
{'loss': 0.4586, 'grad_norm': 0.8078279495239258, 'learning_rate': 0.00011684210526315791, 'epoch': 0.4}
{'loss': 0.446, 'grad_norm': 0.8940737247467041, 'learning_rate': 0.00010631578947368421, 'epoch': 0.45}


  0%|          | 0/99 [00:00<?, ?it/s][A

  3%|â–Ž         | 3/99 [00:00<00:03, 26.53it/s][A

  6%|â–Œ         | 6/99 [00:00<00:04, 20.06it/s][A

  9%|â–‰         | 9/99 [00:00<00:04, 18.81it/s][A

 11%|â–ˆ         | 11/99 [00:00<00:04, 18.43it/s][A

 13%|â–ˆâ–Ž        | 13/99 [00:00<00:04, 18.15it/s][A

 15%|â–ˆâ–Œ        | 15/99 [00:00<00:04, 17.93it/s][A

 17%|â–ˆâ–‹        | 17/99 [00:00<00:04, 17.81it/s][A

 19%|â–ˆâ–‰        | 19/99 [00:01<00:04, 17.67it/s][A

 21%|â–ˆâ–ˆ        | 21/99 [00:01<00:04, 17.63it/s][A

 23%|â–ˆâ–ˆâ–Ž       | 23/99 [00:01<00:04, 17.62it/s][A

 25%|â–ˆâ–ˆâ–Œ       | 25/99 [00:01<00:04, 17.61it/s][A

 27%|â–ˆâ–ˆâ–‹       | 27/99 [00:01<00:04, 17.52it/s][A

 29%|â–ˆâ–ˆâ–‰       | 29/99 [00:01<00:04, 17.49it/s][A

 31%|â–ˆâ–ˆâ–ˆâ–      | 31/99 [00:01<00:03, 17.53it/s][A

 33%|â–ˆâ–ˆâ–ˆâ–Ž      | 33/99 [00:01<00:03, 17.38it/s][A

 35%|â–ˆâ–ˆâ–ˆâ–Œ      | 35/99 [00:01<00:03, 17.46it/s][A

 37%|â–ˆâ–ˆâ–ˆâ–‹      | 37/99 [00:02<00:03, 17.49it/s][A

 39%|â–ˆâ–ˆâ–ˆâ–‰      | 39/99 [00:02<00:03, 17.53it/s][A

 41%|â–ˆâ–ˆâ–ˆâ–ˆâ–     | 41/99 [00:02<00:03, 17.54it/s][A

 43%|â–ˆâ–ˆâ–ˆâ–ˆâ–Ž     | 43/99 [00:02<00:03, 17.51it/s][A

 45%|â–ˆâ–ˆâ–ˆâ–ˆâ–Œ     | 45/99 [00:02<00:03, 17.50it/s][A

 47%|â–ˆâ–ˆâ–ˆâ–ˆâ–‹     | 47/99 [00:02<00:02, 17.53it/s][A

 49%|â–ˆâ–ˆâ–ˆâ–ˆâ–‰     | 49/99 [00:02<00:02, 17.54it/s][A

 52%|â–ˆâ–ˆâ–ˆâ–ˆâ–ˆâ–    | 51/99 [00:02<00:02, 17.54it/s][A

 54%|â–ˆâ–ˆâ–ˆâ–ˆâ–ˆâ–Ž    | 53/99 [00:02<00:02, 17.51it/s][A

 56%|â–ˆâ–ˆâ–ˆâ–ˆâ–ˆâ–Œ    | 55/99 [00:03<00:02, 17.55it/s][A

 58%|â–ˆâ–ˆâ–ˆâ–ˆâ–ˆâ–Š    | 57/99 [00:03<00:02, 17.43it/s][A

 60%|â–ˆâ–ˆâ–ˆâ–ˆâ–ˆâ–‰    | 59/99 [00:03<00:02, 17.50it/s][A

 62%|â–ˆâ–ˆâ–ˆâ–ˆâ–ˆâ–ˆâ–   | 61/99 [00:03<00:02, 17.48it/s][A

 64%|â–ˆâ–ˆâ–ˆâ–ˆâ–ˆâ–ˆâ–Ž   | 63/99 [00:03<00:02, 17.53it/s][A

 66%|â–ˆâ–ˆâ–ˆâ–ˆâ–ˆâ–ˆâ–Œ   | 65/99 [00:03<00:01, 17.53it/s][A

 68%|â–ˆâ–ˆâ–ˆâ–ˆâ–ˆâ–ˆâ–Š   | 67/99 [00:03<00:01, 17.54it/s][A

 70%|â–ˆâ–ˆâ–ˆâ–ˆâ–ˆâ–ˆâ–‰   | 69/99 [00:03<00:01, 17.56it/s][A

 72%|â–ˆâ–ˆâ–ˆâ–ˆâ–ˆâ–ˆâ–ˆâ–  | 71/99 [00:04<00:01, 17.54it/s][A

 74%|â–ˆâ–ˆâ–ˆâ–ˆâ–ˆâ–ˆâ–ˆâ–Ž  | 73/99 [00:04<00:01, 17.43it/s][A

 76%|â–ˆâ–ˆâ–ˆâ–ˆâ–ˆâ–ˆâ–ˆâ–Œ  | 75/99 [00:04<00:01, 17.46it/s][A

 78%|â–ˆâ–ˆâ–ˆâ–ˆâ–ˆâ–ˆâ–ˆâ–Š  | 77/99 [00:04<00:01, 17.45it/s][A

 80%|â–ˆâ–ˆâ–ˆâ–ˆâ–ˆâ–ˆâ–ˆâ–‰  | 79/99 [00:04<00:01, 17.44it/s][A

 82%|â–ˆâ–ˆâ–ˆâ–ˆâ–ˆâ–ˆâ–ˆâ–ˆâ– | 81/99 [00:04<00:01, 17.32it/s][A

 84%|â–ˆâ–ˆâ–ˆâ–ˆâ–ˆâ–ˆâ–ˆâ–ˆâ– | 83/99 [00:04<00:00, 17.43it/s][A

 86%|â–ˆâ–ˆâ–ˆâ–ˆâ–ˆâ–ˆâ–ˆâ–ˆâ–Œ | 85/99 [00:04<00:00, 17.43it/s][A

 88%|â–ˆâ–ˆâ–ˆâ–ˆâ–ˆâ–ˆâ–ˆâ–ˆâ–Š | 87/99 [00:04<00:00, 17.47it/s][A

 90%|â–ˆâ–ˆâ–ˆâ–ˆâ–ˆâ–ˆâ–ˆâ–ˆâ–‰ | 89/99 [00:05<00:00, 17.49it/s][A

 92%|â–ˆâ–ˆâ–ˆâ–ˆâ–ˆâ–ˆâ–ˆâ–ˆâ–ˆâ–| 91/99 [00:05<00:00, 17.45it/s][A

 94%|â–ˆâ–ˆâ–ˆâ–ˆâ–ˆâ–ˆâ–ˆâ–ˆâ–ˆâ–| 93/99 [00:05<00:00, 17.38it/s][A

 96%|â–ˆâ–ˆâ–ˆâ–ˆâ–ˆâ–ˆâ–ˆâ–ˆâ–ˆâ–Œ| 95/99 [00:05<00:00, 17.46it/s][A

 98%|â–ˆâ–ˆâ–ˆâ–ˆâ–ˆâ–ˆâ–ˆâ–ˆâ–ˆâ–Š| 97/99 [00:05<00:00, 17.48it/s][A

100%|â–ˆâ–ˆâ–ˆâ–ˆâ–ˆâ–ˆâ–ˆâ–ˆâ–ˆâ–ˆ| 99/99 [00:05<00:00, 17.50it/s][A
                                                 

                                               
[A
 50%|â–ˆâ–ˆâ–ˆâ–ˆâ–ˆ     | 100/200 [01:45<01:28,  1.13it/s]

100%|â–ˆâ–ˆâ–ˆâ–ˆâ–ˆâ–ˆâ–ˆâ–ˆâ–ˆâ–ˆ| 99/99 [00:05<00:00, 17.50it/s][A

                                               [A
 50%|â–ˆâ–ˆâ–ˆâ–ˆâ–ˆ     | 101/200 [01:47<04:29,  2.73s/it]
 51%|â–ˆâ–ˆâ–ˆâ–ˆâ–ˆ     | 102/200 [01:47<03:32,  2.17s/it]
 52%|â–ˆâ–ˆâ–ˆâ–ˆâ–ˆâ–    | 103/200 [01:48<02:53,  1.79s/it]
 52%|â–ˆâ–ˆâ–ˆâ–ˆâ–ˆâ–    | 104/200 [01:49<02:25,  1.52s/it]
 52%|â–ˆâ–ˆâ–ˆâ–ˆâ–ˆâ–Ž    | 105/200 [01:50<02:06,  1.34s/it]
 53%|â–ˆâ–ˆâ–ˆâ–ˆâ–ˆâ–Ž    | 106/200 [01:51<01:53,  1.21s/it]
 54%|â–ˆâ–ˆâ–ˆâ–ˆâ–ˆâ–Ž    | 107/200 [01:52<01:43,  1.11s/it]
 54%|â–ˆâ–ˆâ–ˆâ–ˆâ–ˆâ–    | 108/200 [01:53<01:35,  1.04s/it]
 55%|â–ˆâ–ˆâ–ˆâ–ˆâ–ˆâ–    | 109/200 [01:54<01:30,  1.01it/s]
 55%|â–ˆâ–ˆâ–ˆâ–ˆâ–ˆâ–Œ    | 110/200 [01:55<01:26,  1.04it/s]
                                                 

 55%|â–ˆâ–ˆâ–ˆâ–ˆâ–ˆâ–Œ    | 110/200 [01:55<01:26,  1.04it/s]
 56%|â–ˆâ–ˆâ–ˆâ–ˆâ–ˆâ–Œ    | 111/200 [01:55<01:23,  1.07it/s]
 56%|â–ˆâ–ˆâ–ˆâ–ˆâ–ˆâ–Œ    | 112/200 [01:56<01:21,  1.09it/s]
 56%|â–ˆâ–ˆâ–ˆâ–ˆâ–ˆâ–‹    | 113/200 [01:57<01:19,  1.09it/s]
 57%|â–ˆâ–ˆâ–ˆâ–ˆâ–ˆâ–‹    | 114/200 [01:58<01:18,  1.10it/s]
 57%|â–ˆâ–ˆâ–ˆâ–ˆâ–ˆâ–Š    | 115/200 [01:59<01:16,  1.11it/s]
 58%|â–ˆâ–ˆâ–ˆâ–ˆâ–ˆâ–Š    | 116/200 [02:00<01:15,  1.11it/s]
 58%|â–ˆâ–ˆâ–ˆâ–ˆâ–ˆâ–Š    | 117/200 [02:01<01:14,  1.11it/s]
 59%|â–ˆâ–ˆâ–ˆâ–ˆâ–ˆâ–‰    | 118/200 [02:02<01:13,  1.12it/s]
 60%|â–ˆâ–ˆâ–ˆâ–ˆâ–ˆâ–‰    | 119/200 [02:03<01:11,  1.13it/s]
 60%|â–ˆâ–ˆâ–ˆâ–ˆâ–ˆâ–ˆ    | 120/200 [02:03<01:10,  1.13it/s]
                                                 

 60%|â–ˆâ–ˆâ–ˆâ–ˆâ–ˆâ–ˆ    | 120/200 [02:03<01:10,  1.13it/s]
 60%|â–ˆâ–ˆâ–ˆâ–ˆâ–ˆâ–ˆ    | 121/200 [02:04<01:09,  1.13it/s]
 61%|â–ˆâ–ˆâ–ˆâ–ˆâ–ˆâ–ˆ    | 122/200 [02:05<01:08,  1.13it/s]
 62%|â–ˆâ–ˆâ–ˆâ–ˆâ–ˆâ–ˆâ–   | 123/200 [02:06<01:07,  1.13it/s]
 62%|â–ˆâ–ˆâ–ˆâ–ˆâ–ˆâ–ˆâ–   | 124/200 [02:07<01:07,  1.13it/s]
 62%|â–ˆâ–ˆâ–ˆâ–ˆâ–ˆâ–ˆâ–Ž   | 125/200 [02:08<01:06,  1.13it/s]
 63%|â–ˆâ–ˆâ–ˆâ–ˆâ–ˆâ–ˆâ–Ž   | 126/200 [02:09<01:06,  1.12it/s]
 64%|â–ˆâ–ˆâ–ˆâ–ˆâ–ˆâ–ˆâ–Ž   | 127/200 [02:10<01:04,  1.12it/s]
 64%|â–ˆâ–ˆâ–ˆâ–ˆâ–ˆâ–ˆâ–   | 128/200 [02:11<01:03,  1.13it/s]
 64%|â–ˆâ–ˆâ–ˆâ–ˆâ–ˆâ–ˆâ–   | 129/200 [02:11<01:02,  1.13it/s]
 65%|â–ˆâ–ˆâ–ˆâ–ˆâ–ˆâ–ˆâ–Œ   | 130/200 [02:12<01:01,  1.14it/s]
                                                 

 65%|â–ˆâ–ˆâ–ˆâ–ˆâ–ˆâ–ˆâ–Œ   | 130/200 [02:12<01:01,  1.14it/s]
 66%|â–ˆâ–ˆâ–ˆâ–ˆâ–ˆâ–ˆâ–Œ   | 131/200 [02:13<01:00,  1.13it/s]
 66%|â–ˆâ–ˆâ–ˆâ–ˆâ–ˆâ–ˆâ–Œ   | 132/200 [02:14<01:00,  1.13it/s]
 66%|â–ˆâ–ˆâ–ˆâ–ˆâ–ˆâ–ˆâ–‹   | 133/200 [02:15<00:59,  1.12it/s]
 67%|â–ˆâ–ˆâ–ˆâ–ˆâ–ˆâ–ˆâ–‹   | 134/200 [02:16<00:58,  1.13it/s]
 68%|â–ˆâ–ˆâ–ˆâ–ˆâ–ˆâ–ˆâ–Š   | 135/200 [02:17<00:57,  1.13it/s]
 68%|â–ˆâ–ˆâ–ˆâ–ˆâ–ˆâ–ˆâ–Š   | 136/200 [02:18<00:56,  1.13it/s]
 68%|â–ˆâ–ˆâ–ˆâ–ˆâ–ˆâ–ˆâ–Š   | 137/200 [02:19<00:55,  1.13it/s]
 69%|â–ˆâ–ˆâ–ˆâ–ˆâ–ˆâ–ˆâ–‰   | 138/200 [02:19<00:54,  1.14it/s]
 70%|â–ˆâ–ˆâ–ˆâ–ˆâ–ˆâ–ˆâ–‰   | 139/200 [02:20<00:53,  1.14it/s]
 70%|â–ˆâ–ˆâ–ˆâ–ˆâ–ˆâ–ˆâ–ˆ   | 140/200 [02:21<00:53,  1.12it/s]
                                                 

 70%|â–ˆâ–ˆâ–ˆâ–ˆâ–ˆâ–ˆâ–ˆ   | 140/200 [02:21<00:53,  1.12it/s]
 70%|â–ˆâ–ˆâ–ˆâ–ˆâ–ˆâ–ˆâ–ˆ   | 141/200 [02:22<00:52,  1.12it/s]
 71%|â–ˆâ–ˆâ–ˆâ–ˆâ–ˆâ–ˆâ–ˆ   | 142/200 [02:23<00:51,  1.13it/s]
 72%|â–ˆâ–ˆâ–ˆâ–ˆâ–ˆâ–ˆâ–ˆâ–  | 143/200 [02:24<00:50,  1.13it/s]
 72%|â–ˆâ–ˆâ–ˆâ–ˆâ–ˆâ–ˆâ–ˆâ–  | 144/200 [02:25<00:49,  1.13it/s]
 72%|â–ˆâ–ˆâ–ˆâ–ˆâ–ˆâ–ˆâ–ˆâ–Ž  | 145/200 [02:26<00:48,  1.13it/s]
 73%|â–ˆâ–ˆâ–ˆâ–ˆâ–ˆâ–ˆâ–ˆâ–Ž  | 146/200 [02:27<00:48,  1.12it/s]
 74%|â–ˆâ–ˆâ–ˆâ–ˆâ–ˆâ–ˆâ–ˆâ–Ž  | 147/200 [02:27<00:47,  1.13it/s]
 74%|â–ˆâ–ˆâ–ˆâ–ˆâ–ˆâ–ˆâ–ˆâ–  | 148/200 [02:28<00:46,  1.13it/s]
 74%|â–ˆâ–ˆâ–ˆâ–ˆâ–ˆâ–ˆâ–ˆâ–  | 149/200 [02:29<00:45,  1.13it/s]
 75%|â–ˆâ–ˆâ–ˆâ–ˆâ–ˆâ–ˆâ–ˆâ–Œ  | 150/200 [02:30<00:44,  1.13it/s]
                                                 

 75%|â–ˆâ–ˆâ–ˆâ–ˆâ–ˆâ–ˆâ–ˆâ–Œ  | 150/200 [02:30<00:44,  1.13it/s]{'eval_loss': 0.49202823638916016, 'eval_runtime': 5.6711, 'eval_samples_per_second': 34.914, 'eval_steps_per_second': 17.457, 'epoch': 0.45}
{'loss': 0.476, 'grad_norm': 1.0406711101531982, 'learning_rate': 9.578947368421052e-05, 'epoch': 0.49}
{'loss': 0.4995, 'grad_norm': 0.9367284774780273, 'learning_rate': 8.526315789473685e-05, 'epoch': 0.54}
{'loss': 0.4382, 'grad_norm': 0.8061078190803528, 'learning_rate': 7.473684210526316e-05, 'epoch': 0.58}
{'loss': 0.4408, 'grad_norm': 0.8097580075263977, 'learning_rate': 6.421052631578948e-05, 'epoch': 0.63}
{'loss': 0.4069, 'grad_norm': 0.9519855976104736, 'learning_rate': 5.368421052631579e-05, 'epoch': 0.67}


  0%|          | 0/99 [00:00<?, ?it/s][A

  3%|â–Ž         | 3/99 [00:00<00:03, 26.62it/s][A

  6%|â–Œ         | 6/99 [00:00<00:04, 20.19it/s][A

  9%|â–‰         | 9/99 [00:00<00:04, 18.87it/s][A

 11%|â–ˆ         | 11/99 [00:00<00:04, 18.49it/s][A

 13%|â–ˆâ–Ž        | 13/99 [00:00<00:04, 18.20it/s][A

 15%|â–ˆâ–Œ        | 15/99 [00:00<00:04, 18.00it/s][A

 17%|â–ˆâ–‹        | 17/99 [00:00<00:04, 17.87it/s][A

 19%|â–ˆâ–‰        | 19/99 [00:01<00:04, 17.73it/s][A

 21%|â–ˆâ–ˆ        | 21/99 [00:01<00:04, 17.67it/s][A

 23%|â–ˆâ–ˆâ–Ž       | 23/99 [00:01<00:04, 17.66it/s][A

 25%|â–ˆâ–ˆâ–Œ       | 25/99 [00:01<00:04, 17.65it/s][A

 27%|â–ˆâ–ˆâ–‹       | 27/99 [00:01<00:04, 17.55it/s][A

 29%|â–ˆâ–ˆâ–‰       | 29/99 [00:01<00:03, 17.54it/s][A

 31%|â–ˆâ–ˆâ–ˆâ–      | 31/99 [00:01<00:03, 17.58it/s][A

 33%|â–ˆâ–ˆâ–ˆâ–Ž      | 33/99 [00:01<00:03, 17.42it/s][A

 35%|â–ˆâ–ˆâ–ˆâ–Œ      | 35/99 [00:01<00:03, 17.51it/s][A

 37%|â–ˆâ–ˆâ–ˆâ–‹      | 37/99 [00:02<00:03, 17.53it/s][A

 39%|â–ˆâ–ˆâ–ˆâ–‰      | 39/99 [00:02<00:03, 17.59it/s][A

 41%|â–ˆâ–ˆâ–ˆâ–ˆâ–     | 41/99 [00:02<00:03, 17.59it/s][A

 43%|â–ˆâ–ˆâ–ˆâ–ˆâ–Ž     | 43/99 [00:02<00:03, 17.56it/s][A

 45%|â–ˆâ–ˆâ–ˆâ–ˆâ–Œ     | 45/99 [00:02<00:03, 17.54it/s][A

 47%|â–ˆâ–ˆâ–ˆâ–ˆâ–‹     | 47/99 [00:02<00:02, 17.56it/s][A

 49%|â–ˆâ–ˆâ–ˆâ–ˆâ–‰     | 49/99 [00:02<00:02, 17.60it/s][A

 52%|â–ˆâ–ˆâ–ˆâ–ˆâ–ˆâ–    | 51/99 [00:02<00:02, 17.61it/s][A

 54%|â–ˆâ–ˆâ–ˆâ–ˆâ–ˆâ–Ž    | 53/99 [00:02<00:02, 17.56it/s][A

 56%|â–ˆâ–ˆâ–ˆâ–ˆâ–ˆâ–Œ    | 55/99 [00:03<00:02, 17.59it/s][A

 58%|â–ˆâ–ˆâ–ˆâ–ˆâ–ˆâ–Š    | 57/99 [00:03<00:02, 17.49it/s][A

 60%|â–ˆâ–ˆâ–ˆâ–ˆâ–ˆâ–‰    | 59/99 [00:03<00:02, 17.54it/s][A

 62%|â–ˆâ–ˆâ–ˆâ–ˆâ–ˆâ–ˆâ–   | 61/99 [00:03<00:02, 17.53it/s][A

 64%|â–ˆâ–ˆâ–ˆâ–ˆâ–ˆâ–ˆâ–Ž   | 63/99 [00:03<00:02, 17.59it/s][A

 66%|â–ˆâ–ˆâ–ˆâ–ˆâ–ˆâ–ˆâ–Œ   | 65/99 [00:03<00:01, 17.61it/s][A

 68%|â–ˆâ–ˆâ–ˆâ–ˆâ–ˆâ–ˆâ–Š   | 67/99 [00:03<00:01, 17.64it/s][A

 70%|â–ˆâ–ˆâ–ˆâ–ˆâ–ˆâ–ˆâ–‰   | 69/99 [00:03<00:01, 17.64it/s][A

 72%|â–ˆâ–ˆâ–ˆâ–ˆâ–ˆâ–ˆâ–ˆâ–  | 71/99 [00:03<00:01, 17.62it/s][A

 74%|â–ˆâ–ˆâ–ˆâ–ˆâ–ˆâ–ˆâ–ˆâ–Ž  | 73/99 [00:04<00:01, 17.60it/s][A

 76%|â–ˆâ–ˆâ–ˆâ–ˆâ–ˆâ–ˆâ–ˆâ–Œ  | 75/99 [00:04<00:01, 17.58it/s][A

 78%|â–ˆâ–ˆâ–ˆâ–ˆâ–ˆâ–ˆâ–ˆâ–Š  | 77/99 [00:04<00:01, 17.56it/s][A

 80%|â–ˆâ–ˆâ–ˆâ–ˆâ–ˆâ–ˆâ–ˆâ–‰  | 79/99 [00:04<00:01, 17.54it/s][A

 82%|â–ˆâ–ˆâ–ˆâ–ˆâ–ˆâ–ˆâ–ˆâ–ˆâ– | 81/99 [00:04<00:01, 17.53it/s][A

 84%|â–ˆâ–ˆâ–ˆâ–ˆâ–ˆâ–ˆâ–ˆâ–ˆâ– | 83/99 [00:04<00:00, 17.59it/s][A

 86%|â–ˆâ–ˆâ–ˆâ–ˆâ–ˆâ–ˆâ–ˆâ–ˆâ–Œ | 85/99 [00:04<00:00, 17.51it/s][A

 88%|â–ˆâ–ˆâ–ˆâ–ˆâ–ˆâ–ˆâ–ˆâ–ˆâ–Š | 87/99 [00:04<00:00, 17.54it/s][A

 90%|â–ˆâ–ˆâ–ˆâ–ˆâ–ˆâ–ˆâ–ˆâ–ˆâ–‰ | 89/99 [00:05<00:00, 17.55it/s][A

 92%|â–ˆâ–ˆâ–ˆâ–ˆâ–ˆâ–ˆâ–ˆâ–ˆâ–ˆâ–| 91/99 [00:05<00:00, 17.60it/s][A

 94%|â–ˆâ–ˆâ–ˆâ–ˆâ–ˆâ–ˆâ–ˆâ–ˆâ–ˆâ–| 93/99 [00:05<00:00, 17.52it/s][A

 96%|â–ˆâ–ˆâ–ˆâ–ˆâ–ˆâ–ˆâ–ˆâ–ˆâ–ˆâ–Œ| 95/99 [00:05<00:00, 17.59it/s][A

 98%|â–ˆâ–ˆâ–ˆâ–ˆâ–ˆâ–ˆâ–ˆâ–ˆâ–ˆâ–Š| 97/99 [00:05<00:00, 17.59it/s][A

100%|â–ˆâ–ˆâ–ˆâ–ˆâ–ˆâ–ˆâ–ˆâ–ˆâ–ˆâ–ˆ| 99/99 [00:05<00:00, 17.59it/s][A
                                                 

                                               
[A
 75%|â–ˆâ–ˆâ–ˆâ–ˆâ–ˆâ–ˆâ–ˆâ–Œ  | 150/200 [02:36<00:44,  1.13it/s]

100%|â–ˆâ–ˆâ–ˆâ–ˆâ–ˆâ–ˆâ–ˆâ–ˆâ–ˆâ–ˆ| 99/99 [00:05<00:00, 17.59it/s][A

                                               [A
 76%|â–ˆâ–ˆâ–ˆâ–ˆâ–ˆâ–ˆâ–ˆâ–Œ  | 151/200 [02:37<02:06,  2.58s/it]
 76%|â–ˆâ–ˆâ–ˆâ–ˆâ–ˆâ–ˆâ–ˆâ–Œ  | 152/200 [02:37<01:39,  2.07s/it]
 76%|â–ˆâ–ˆâ–ˆâ–ˆâ–ˆâ–ˆâ–ˆâ–‹  | 153/200 [02:38<01:20,  1.71s/it]
 77%|â–ˆâ–ˆâ–ˆâ–ˆâ–ˆâ–ˆâ–ˆâ–‹  | 154/200 [02:39<01:07,  1.46s/it]
 78%|â–ˆâ–ˆâ–ˆâ–ˆâ–ˆâ–ˆâ–ˆâ–Š  | 155/200 [02:40<00:57,  1.29s/it]
 78%|â–ˆâ–ˆâ–ˆâ–ˆâ–ˆâ–ˆâ–ˆâ–Š  | 156/200 [02:41<00:51,  1.16s/it]
 78%|â–ˆâ–ˆâ–ˆâ–ˆâ–ˆâ–ˆâ–ˆâ–Š  | 157/200 [02:42<00:46,  1.08s/it]
 79%|â–ˆâ–ˆâ–ˆâ–ˆâ–ˆâ–ˆâ–ˆâ–‰  | 158/200 [02:43<00:42,  1.02s/it]
 80%|â–ˆâ–ˆâ–ˆâ–ˆâ–ˆâ–ˆâ–ˆâ–‰  | 159/200 [02:44<00:40,  1.02it/s]
 80%|â–ˆâ–ˆâ–ˆâ–ˆâ–ˆâ–ˆâ–ˆâ–ˆ  | 160/200 [02:45<00:38,  1.05it/s]
                                                 

 80%|â–ˆâ–ˆâ–ˆâ–ˆâ–ˆâ–ˆâ–ˆâ–ˆ  | 160/200 [02:45<00:38,  1.05it/s]
 80%|â–ˆâ–ˆâ–ˆâ–ˆâ–ˆâ–ˆâ–ˆâ–ˆ  | 161/200 [02:45<00:36,  1.07it/s]
 81%|â–ˆâ–ˆâ–ˆâ–ˆâ–ˆâ–ˆâ–ˆâ–ˆ  | 162/200 [02:46<00:34,  1.09it/s]
 82%|â–ˆâ–ˆâ–ˆâ–ˆâ–ˆâ–ˆâ–ˆâ–ˆâ– | 163/200 [02:47<00:33,  1.10it/s]
 82%|â–ˆâ–ˆâ–ˆâ–ˆâ–ˆâ–ˆâ–ˆâ–ˆâ– | 164/200 [02:48<00:32,  1.11it/s]
 82%|â–ˆâ–ˆâ–ˆâ–ˆâ–ˆâ–ˆâ–ˆâ–ˆâ–Ž | 165/200 [02:49<00:31,  1.12it/s]
 83%|â–ˆâ–ˆâ–ˆâ–ˆâ–ˆâ–ˆâ–ˆâ–ˆâ–Ž | 166/200 [02:50<00:30,  1.12it/s]
 84%|â–ˆâ–ˆâ–ˆâ–ˆâ–ˆâ–ˆâ–ˆâ–ˆâ–Ž | 167/200 [02:51<00:29,  1.13it/s]
 84%|â–ˆâ–ˆâ–ˆâ–ˆâ–ˆâ–ˆâ–ˆâ–ˆâ– | 168/200 [02:52<00:28,  1.13it/s]
 84%|â–ˆâ–ˆâ–ˆâ–ˆâ–ˆâ–ˆâ–ˆâ–ˆâ– | 169/200 [02:52<00:27,  1.13it/s]
 85%|â–ˆâ–ˆâ–ˆâ–ˆâ–ˆâ–ˆâ–ˆâ–ˆâ–Œ | 170/200 [02:53<00:26,  1.13it/s]
                                                 

 85%|â–ˆâ–ˆâ–ˆâ–ˆâ–ˆâ–ˆâ–ˆâ–ˆâ–Œ | 170/200 [02:53<00:26,  1.13it/s]
 86%|â–ˆâ–ˆâ–ˆâ–ˆâ–ˆâ–ˆâ–ˆâ–ˆâ–Œ | 171/200 [02:54<00:25,  1.14it/s]
 86%|â–ˆâ–ˆâ–ˆâ–ˆâ–ˆâ–ˆâ–ˆâ–ˆâ–Œ | 172/200 [02:55<00:24,  1.14it/s]
 86%|â–ˆâ–ˆâ–ˆâ–ˆâ–ˆâ–ˆâ–ˆâ–ˆâ–‹ | 173/200 [02:56<00:23,  1.14it/s]
 87%|â–ˆâ–ˆâ–ˆâ–ˆâ–ˆâ–ˆâ–ˆâ–ˆâ–‹ | 174/200 [02:57<00:22,  1.14it/s]
 88%|â–ˆâ–ˆâ–ˆâ–ˆâ–ˆâ–ˆâ–ˆâ–ˆâ–Š | 175/200 [02:58<00:22,  1.13it/s]
 88%|â–ˆâ–ˆâ–ˆâ–ˆâ–ˆâ–ˆâ–ˆâ–ˆâ–Š | 176/200 [02:59<00:21,  1.13it/s]
 88%|â–ˆâ–ˆâ–ˆâ–ˆâ–ˆâ–ˆâ–ˆâ–ˆâ–Š | 177/200 [02:59<00:20,  1.14it/s]
 89%|â–ˆâ–ˆâ–ˆâ–ˆâ–ˆâ–ˆâ–ˆâ–ˆâ–‰ | 178/200 [03:00<00:19,  1.13it/s]
 90%|â–ˆâ–ˆâ–ˆâ–ˆâ–ˆâ–ˆâ–ˆâ–ˆâ–‰ | 179/200 [03:01<00:18,  1.13it/s]
 90%|â–ˆâ–ˆâ–ˆâ–ˆâ–ˆâ–ˆâ–ˆâ–ˆâ–ˆ | 180/200 [03:02<00:17,  1.13it/s]
                                                 

 90%|â–ˆâ–ˆâ–ˆâ–ˆâ–ˆâ–ˆâ–ˆâ–ˆâ–ˆ | 180/200 [03:02<00:17,  1.13it/s]
 90%|â–ˆâ–ˆâ–ˆâ–ˆâ–ˆâ–ˆâ–ˆâ–ˆâ–ˆ | 181/200 [03:03<00:16,  1.14it/s]
 91%|â–ˆâ–ˆâ–ˆâ–ˆâ–ˆâ–ˆâ–ˆâ–ˆâ–ˆ | 182/200 [03:04<00:15,  1.13it/s]
 92%|â–ˆâ–ˆâ–ˆâ–ˆâ–ˆâ–ˆâ–ˆâ–ˆâ–ˆâ–| 183/200 [03:05<00:14,  1.14it/s]
 92%|â–ˆâ–ˆâ–ˆâ–ˆâ–ˆâ–ˆâ–ˆâ–ˆâ–ˆâ–| 184/200 [03:06<00:14,  1.14it/s]
 92%|â–ˆâ–ˆâ–ˆâ–ˆâ–ˆâ–ˆâ–ˆâ–ˆâ–ˆâ–Ž| 185/200 [03:07<00:13,  1.13it/s]
 93%|â–ˆâ–ˆâ–ˆâ–ˆâ–ˆâ–ˆâ–ˆâ–ˆâ–ˆâ–Ž| 186/200 [03:07<00:12,  1.13it/s]
 94%|â–ˆâ–ˆâ–ˆâ–ˆâ–ˆâ–ˆâ–ˆâ–ˆâ–ˆâ–Ž| 187/200 [03:08<00:11,  1.13it/s]
 94%|â–ˆâ–ˆâ–ˆâ–ˆâ–ˆâ–ˆâ–ˆâ–ˆâ–ˆâ–| 188/200 [03:09<00:10,  1.13it/s]
 94%|â–ˆâ–ˆâ–ˆâ–ˆâ–ˆâ–ˆâ–ˆâ–ˆâ–ˆâ–| 189/200 [03:10<00:09,  1.13it/s]
 95%|â–ˆâ–ˆâ–ˆâ–ˆâ–ˆâ–ˆâ–ˆâ–ˆâ–ˆâ–Œ| 190/200 [03:11<00:08,  1.13it/s]
                                                 

 95%|â–ˆâ–ˆâ–ˆâ–ˆâ–ˆâ–ˆâ–ˆâ–ˆâ–ˆâ–Œ| 190/200 [03:11<00:08,  1.13it/s]
 96%|â–ˆâ–ˆâ–ˆâ–ˆâ–ˆâ–ˆâ–ˆâ–ˆâ–ˆâ–Œ| 191/200 [03:12<00:07,  1.13it/s]
 96%|â–ˆâ–ˆâ–ˆâ–ˆâ–ˆâ–ˆâ–ˆâ–ˆâ–ˆâ–Œ| 192/200 [03:13<00:07,  1.12it/s]
 96%|â–ˆâ–ˆâ–ˆâ–ˆâ–ˆâ–ˆâ–ˆâ–ˆâ–ˆâ–‹| 193/200 [03:14<00:06,  1.13it/s]
 97%|â–ˆâ–ˆâ–ˆâ–ˆâ–ˆâ–ˆâ–ˆâ–ˆâ–ˆâ–‹| 194/200 [03:15<00:05,  1.13it/s]
 98%|â–ˆâ–ˆâ–ˆâ–ˆâ–ˆâ–ˆâ–ˆâ–ˆâ–ˆâ–Š| 195/200 [03:15<00:04,  1.13it/s]
 98%|â–ˆâ–ˆâ–ˆâ–ˆâ–ˆâ–ˆâ–ˆâ–ˆâ–ˆâ–Š| 196/200 [03:16<00:03,  1.14it/s]
 98%|â–ˆâ–ˆâ–ˆâ–ˆâ–ˆâ–ˆâ–ˆâ–ˆâ–ˆâ–Š| 197/200 [03:17<00:02,  1.13it/s]
 99%|â–ˆâ–ˆâ–ˆâ–ˆâ–ˆâ–ˆâ–ˆâ–ˆâ–ˆâ–‰| 198/200 [03:18<00:01,  1.13it/s]
100%|â–ˆâ–ˆâ–ˆâ–ˆâ–ˆâ–ˆâ–ˆâ–ˆâ–ˆâ–‰| 199/200 [03:19<00:00,  1.12it/s]
100%|â–ˆâ–ˆâ–ˆâ–ˆâ–ˆâ–ˆâ–ˆâ–ˆâ–ˆâ–ˆ| 200/200 [03:20<00:00,  1.12it/s]
                                                 

100%|â–ˆâ–ˆâ–ˆâ–ˆâ–ˆâ–ˆâ–ˆâ–ˆâ–ˆâ–ˆ| 200/200 [03:20<00:00,  1.12it/s]{'eval_loss': 0.4707992672920227, 'eval_runtime': 5.6468, 'eval_samples_per_second': 35.064, 'eval_steps_per_second': 17.532, 'epoch': 0.67}
{'loss': 0.4769, 'grad_norm': 0.8283689022064209, 'learning_rate': 4.3157894736842105e-05, 'epoch': 0.72}
{'loss': 0.4647, 'grad_norm': 0.8856027722358704, 'learning_rate': 3.2631578947368426e-05, 'epoch': 0.76}
{'loss': 0.4148, 'grad_norm': 0.8005082011222839, 'learning_rate': 2.2105263157894736e-05, 'epoch': 0.81}
{'loss': 0.4424, 'grad_norm': 1.0068774223327637, 'learning_rate': 1.1578947368421053e-05, 'epoch': 0.85}
{'loss': 0.4122, 'grad_norm': 0.7506715059280396, 'learning_rate': 1.0526315789473685e-06, 'epoch': 0.9}


  0%|          | 0/99 [00:00<?, ?it/s][A

  3%|â–Ž         | 3/99 [00:00<00:03, 26.71it/s][A

  6%|â–Œ         | 6/99 [00:00<00:04, 20.22it/s][A

  9%|â–‰         | 9/99 [00:00<00:04, 18.90it/s][A

 11%|â–ˆ         | 11/99 [00:00<00:04, 18.53it/s][A

 13%|â–ˆâ–Ž        | 13/99 [00:00<00:04, 18.24it/s][A

 15%|â–ˆâ–Œ        | 15/99 [00:00<00:04, 18.02it/s][A

 17%|â–ˆâ–‹        | 17/99 [00:00<00:04, 17.90it/s][A

 19%|â–ˆâ–‰        | 19/99 [00:01<00:04, 17.78it/s][A

 21%|â–ˆâ–ˆ        | 21/99 [00:01<00:04, 17.73it/s][A

 23%|â–ˆâ–ˆâ–Ž       | 23/99 [00:01<00:04, 17.72it/s][A

 25%|â–ˆâ–ˆâ–Œ       | 25/99 [00:01<00:04, 17.71it/s][A

 27%|â–ˆâ–ˆâ–‹       | 27/99 [00:01<00:04, 17.62it/s][A

 29%|â–ˆâ–ˆâ–‰       | 29/99 [00:01<00:03, 17.56it/s][A

 31%|â–ˆâ–ˆâ–ˆâ–      | 31/99 [00:01<00:03, 17.62it/s][A

 33%|â–ˆâ–ˆâ–ˆâ–Ž      | 33/99 [00:01<00:03, 17.44it/s][A

 35%|â–ˆâ–ˆâ–ˆâ–Œ      | 35/99 [00:01<00:03, 17.51it/s][A

 37%|â–ˆâ–ˆâ–ˆâ–‹      | 37/99 [00:02<00:03, 17.56it/s][A

 39%|â–ˆâ–ˆâ–ˆâ–‰      | 39/99 [00:02<00:03, 17.60it/s][A

 41%|â–ˆâ–ˆâ–ˆâ–ˆâ–     | 41/99 [00:02<00:03, 17.62it/s][A

 43%|â–ˆâ–ˆâ–ˆâ–ˆâ–Ž     | 43/99 [00:02<00:03, 17.56it/s][A

 45%|â–ˆâ–ˆâ–ˆâ–ˆâ–Œ     | 45/99 [00:02<00:03, 17.56it/s][A

 47%|â–ˆâ–ˆâ–ˆâ–ˆâ–‹     | 47/99 [00:02<00:02, 17.59it/s][A

 49%|â–ˆâ–ˆâ–ˆâ–ˆâ–‰     | 49/99 [00:02<00:02, 17.61it/s][A

 52%|â–ˆâ–ˆâ–ˆâ–ˆâ–ˆâ–    | 51/99 [00:02<00:02, 17.62it/s][A

 54%|â–ˆâ–ˆâ–ˆâ–ˆâ–ˆâ–Ž    | 53/99 [00:02<00:02, 17.61it/s][A

 56%|â–ˆâ–ˆâ–ˆâ–ˆâ–ˆâ–Œ    | 55/99 [00:03<00:02, 17.65it/s][A

 58%|â–ˆâ–ˆâ–ˆâ–ˆâ–ˆâ–Š    | 57/99 [00:03<00:02, 17.53it/s][A

 60%|â–ˆâ–ˆâ–ˆâ–ˆâ–ˆâ–‰    | 59/99 [00:03<00:02, 17.61it/s][A

 62%|â–ˆâ–ˆâ–ˆâ–ˆâ–ˆâ–ˆâ–   | 61/99 [00:03<00:02, 17.58it/s][A

 64%|â–ˆâ–ˆâ–ˆâ–ˆâ–ˆâ–ˆâ–Ž   | 63/99 [00:03<00:02, 17.63it/s][A

 66%|â–ˆâ–ˆâ–ˆâ–ˆâ–ˆâ–ˆâ–Œ   | 65/99 [00:03<00:01, 17.52it/s][A

 68%|â–ˆâ–ˆâ–ˆâ–ˆâ–ˆâ–ˆâ–Š   | 67/99 [00:03<00:01, 17.56it/s][A

 70%|â–ˆâ–ˆâ–ˆâ–ˆâ–ˆâ–ˆâ–‰   | 69/99 [00:03<00:01, 17.57it/s][A

 72%|â–ˆâ–ˆâ–ˆâ–ˆâ–ˆâ–ˆâ–ˆâ–  | 71/99 [00:03<00:01, 17.57it/s][A

 74%|â–ˆâ–ˆâ–ˆâ–ˆâ–ˆâ–ˆâ–ˆâ–Ž  | 73/99 [00:04<00:01, 17.54it/s][A

 76%|â–ˆâ–ˆâ–ˆâ–ˆâ–ˆâ–ˆâ–ˆâ–Œ  | 75/99 [00:04<00:01, 17.55it/s][A

 78%|â–ˆâ–ˆâ–ˆâ–ˆâ–ˆâ–ˆâ–ˆâ–Š  | 77/99 [00:04<00:01, 17.54it/s][A

 80%|â–ˆâ–ˆâ–ˆâ–ˆâ–ˆâ–ˆâ–ˆâ–‰  | 79/99 [00:04<00:01, 17.52it/s][A

 82%|â–ˆâ–ˆâ–ˆâ–ˆâ–ˆâ–ˆâ–ˆâ–ˆâ– | 81/99 [00:04<00:01, 17.52it/s][A

 84%|â–ˆâ–ˆâ–ˆâ–ˆâ–ˆâ–ˆâ–ˆâ–ˆâ– | 83/99 [00:04<00:00, 17.57it/s][A

 86%|â–ˆâ–ˆâ–ˆâ–ˆâ–ˆâ–ˆâ–ˆâ–ˆâ–Œ | 85/99 [00:04<00:00, 17.55it/s][A

 88%|â–ˆâ–ˆâ–ˆâ–ˆâ–ˆâ–ˆâ–ˆâ–ˆâ–Š | 87/99 [00:04<00:00, 17.58it/s][A

 90%|â–ˆâ–ˆâ–ˆâ–ˆâ–ˆâ–ˆâ–ˆâ–ˆâ–‰ | 89/99 [00:05<00:00, 17.58it/s][A

 92%|â–ˆâ–ˆâ–ˆâ–ˆâ–ˆâ–ˆâ–ˆâ–ˆâ–ˆâ–| 91/99 [00:05<00:00, 17.52it/s][A

 94%|â–ˆâ–ˆâ–ˆâ–ˆâ–ˆâ–ˆâ–ˆâ–ˆâ–ˆâ–| 93/99 [00:05<00:00, 17.46it/s][A

 96%|â–ˆâ–ˆâ–ˆâ–ˆâ–ˆâ–ˆâ–ˆâ–ˆâ–ˆâ–Œ| 95/99 [00:05<00:00, 17.54it/s][A

 98%|â–ˆâ–ˆâ–ˆâ–ˆâ–ˆâ–ˆâ–ˆâ–ˆâ–ˆâ–Š| 97/99 [00:05<00:00, 17.55it/s][A

100%|â–ˆâ–ˆâ–ˆâ–ˆâ–ˆâ–ˆâ–ˆâ–ˆâ–ˆâ–ˆ| 99/99 [00:05<00:00, 17.57it/s][A
                                                 

                                               
[A
100%|â–ˆâ–ˆâ–ˆâ–ˆâ–ˆâ–ˆâ–ˆâ–ˆâ–ˆâ–ˆ| 200/200 [03:26<00:00,  1.12it/s]

100%|â–ˆâ–ˆâ–ˆâ–ˆâ–ˆâ–ˆâ–ˆâ–ˆâ–ˆâ–ˆ| 99/99 [00:05<00:00, 17.57it/s][A

                                               [A
                                                 

100%|â–ˆâ–ˆâ–ˆâ–ˆâ–ˆâ–ˆâ–ˆâ–ˆâ–ˆâ–ˆ| 200/200 [03:26<00:00,  1.12it/s]
100%|â–ˆâ–ˆâ–ˆâ–ˆâ–ˆâ–ˆâ–ˆâ–ˆâ–ˆâ–ˆ| 200/200 [03:26<00:00,  1.03s/it]
{'eval_loss': 0.4535941779613495, 'eval_runtime': 5.6448, 'eval_samples_per_second': 35.076, 'eval_steps_per_second': 17.538, 'epoch': 0.9}
{'train_runtime': 206.4788, 'train_samples_per_second': 7.749, 'train_steps_per_second': 0.969, 'train_loss': 0.5421254754066467, 'epoch': 0.9}
Saving model...
Converting to GGUF format for Ollama...
Unsloth: Merging model weights to 16-bit format...
Found HuggingFace hub cache directory: /home/os/.cache/huggingface/hub
Checking cache directory for required files...
Cache check failed: model-00001-of-00003.safetensors not found in local cache.
Not all required files found in cache. Will proceed with downloading.
Checking cache directory for required files...
Cache check failed: tokenizer.model not found in local cache.
Not all required files found in cache. Will proceed with downloading.

Unsloth: Preparing safetensor model files:   0%|          | 0/3 [00:00<?, ?it/s]
Unsloth: Preparing safetensor model files:  33%|â–ˆâ–ˆâ–ˆâ–Ž      | 1/3 [00:03<00:07,  3.97s/it]
Unsloth: Preparing safetensor model files:  67%|â–ˆâ–ˆâ–ˆâ–ˆâ–ˆâ–ˆâ–‹   | 2/3 [00:07<00:03,  3.77s/it]
Unsloth: Preparing safetensor model files: 100%|â–ˆâ–ˆâ–ˆâ–ˆâ–ˆâ–ˆâ–ˆâ–ˆâ–ˆâ–ˆ| 3/3 [00:11<00:00,  3.67s/it]
Unsloth: Preparing safetensor model files: 100%|â–ˆâ–ˆâ–ˆâ–ˆâ–ˆâ–ˆâ–ˆâ–ˆâ–ˆâ–ˆ| 3/3 [00:11<00:00,  3.71s/it]

Unsloth: Merging weights into 16bit:   0%|          | 0/3 [00:00<?, ?it/s]
Unsloth: Merging weights into 16bit:  33%|â–ˆâ–ˆâ–ˆâ–Ž      | 1/3 [01:28<02:57, 88.58s/it]
Unsloth: Merging weights into 16bit:  67%|â–ˆâ–ˆâ–ˆâ–ˆâ–ˆâ–ˆâ–‹   | 2/3 [02:01<00:56, 56.11s/it]
Unsloth: Merging weights into 16bit: 100%|â–ˆâ–ˆâ–ˆâ–ˆâ–ˆâ–ˆâ–ˆâ–ˆâ–ˆâ–ˆ| 3/3 [02:31<00:00, 44.15s/it]
Unsloth: Merging weights into 16bit: 100%|â–ˆâ–ˆâ–ˆâ–ˆâ–ˆâ–ˆâ–ˆâ–ˆâ–ˆâ–ˆ| 3/3 [02:31<00:00, 50.62s/it]
Unsloth: Merge process complete. Saved to `/home/os/ollama-finetuning/finetuned-k8s-model/gguf`
Unsloth: Converting to GGUF format...
==((====))==  Unsloth: Conversion from HF to GGUF information
   \\   /|    [0] Installing llama.cpp might take 3 minutes.
O^O/ \_/ \    [1] Converting HF to GGUF bf16 might take 3 minutes.
\        /    [2] Converting GGUF bf16 to ['q4_k_m'] might take 10 minutes each.
 "-____-"     In total, you will have to wait at least 16 minutes.

Unsloth: Installing llama.cpp. This might take 3 minutes...
Unsloth: Updating system package directories
Unsloth: Missing packages: cmake libcurl4-openssl-dev
Unsloth: Will attempt to install missing system packages.
Unsloth: Installing packages: cmake libcurl4-openssl-dev
Missing system packages. We need to execute `sudo apt-get install cmake libcurl4-openssl-dev -y` - do you accept? Press ENTER. Type NO if not.Traceback (most recent call last):
  File "/home/os/.local/lib/python3.12/site-packages/unsloth/save.py", line 1201, in save_to_gguf
    quantizer_location, converter_location = check_llama_cpp()
                                             ^^^^^^^^^^^^^^^^^
  File "/home/os/.local/lib/python3.12/site-packages/unsloth_zoo/llama_cpp.py", line 318, in check_llama_cpp
    raise RuntimeError(f"llama.cpp folder '{llama_cpp_folder}' does not exist")
RuntimeError: llama.cpp folder 'llama.cpp' does not exist

During handling of the above exception, another exception occurred:

Traceback (most recent call last):
  File "/home/os/.local/lib/python3.12/site-packages/unsloth/save.py", line 1976, in unsloth_save_pretrained_gguf
    all_file_locations, want_full_precision, is_vlm_update = save_to_gguf(
                                                             ^^^^^^^^^^^^^
  File "/home/os/.local/lib/python3.12/site-packages/unsloth/save.py", line 1211, in save_to_gguf
    quantizer_location, converter_location = install_llama_cpp(
                                             ^^^^^^^^^^^^^^^^^^
  File "/home/os/.local/lib/python3.12/site-packages/unsloth_zoo/llama_cpp.py", line 400, in install_llama_cpp
    install_package(packages_to_install, sudo, system_type = system_type)
  File "/home/os/.local/lib/python3.12/site-packages/unsloth_zoo/llama_cpp.py", line 156, in install_package
    acceptance = input(f"Missing system packages. We need to execute `{install_cmd}` - do you accept? Press ENTER. Type NO if not.")
                 ^^^^^^^^^^^^^^^^^^^^^^^^^^^^^^^^^^^^^^^^^^^^^^^^^^^^^^^^^^^^^^^^^^^^^^^^^^^^^^^^^^^^^^^^^^^^^^^^^^^^^^^^^^^^^^^^^^^
OSError: [Errno 9] Bad file descriptor

During handling of the above exception, another exception occurred:

Traceback (most recent call last):
  File "/home/os/ollama-finetuning/finetune_unsloth.py", line 128, in <module>
    main()
  File "/home/os/ollama-finetuning/finetune_unsloth.py", line 114, in main
    model.save_pretrained_gguf(
  File "/home/os/.local/lib/python3.12/site-packages/unsloth/save.py", line 1996, in unsloth_save_pretrained_gguf
    raise RuntimeError(f"Unsloth: GGUF conversion failed: {e}")
RuntimeError: Unsloth: GGUF conversion failed: [Errno 9] Bad file descriptor
